<?xml version="1.0" ?>
<coverage version="5.0.3" timestamp="1587146948837" lines-valid="399" lines-covered="376" line-rate="0.9424" branches-valid="144" branches-covered="73" branch-rate="0.5069" complexity="0">
	<!-- Generated by coverage.py: https://coverage.readthedocs.io -->
	<!-- Based on https://raw.githubusercontent.com/cobertura/web/master/htdocs/xml/coverage-04.dtd -->
	<sources>
		<source>F:\git\taichi_elements\engine</source>
	</sources>
	<packages>
		<package name="." line-rate="0.9424" branch-rate="0.5069" complexity="0">
			<classes>
				<class name="__init__.py" filename="__init__.py" complexity="0" line-rate="1" branch-rate="1">
					<methods/>
					<lines>
						<line number="1" hits="1"/>
					</lines>
				</class>
				<class name="mpm_solver.py" filename="mpm_solver.py" complexity="0" line-rate="0.9933" branch-rate="0.5439">
					<methods/>
					<lines>
						<line number="1" hits="1"/>
						<line number="2" hits="1"/>
						<line number="3" hits="1"/>
						<line number="4" hits="1"/>
						<line number="6" hits="1"/>
						<line number="8" hits="1"/>
						<line number="11" hits="1" branch="true" condition-coverage="100% (2/2)"/>
						<line number="12" hits="1"/>
						<line number="13" hits="1"/>
						<line number="14" hits="1"/>
						<line number="15" hits="1"/>
						<line number="16" hits="1"/>
						<line number="17" hits="1"/>
						<line number="27" hits="1"/>
						<line number="29" hits="1"/>
						<line number="31" hits="1"/>
						<line number="33" hits="1"/>
						<line number="39" hits="1"/>
						<line number="40" hits="1"/>
						<line number="41" hits="1"/>
						<line number="43" hits="1"/>
						<line number="44" hits="1"/>
						<line number="45" hits="1"/>
						<line number="46" hits="1"/>
						<line number="47" hits="1"/>
						<line number="48" hits="1"/>
						<line number="49" hits="1"/>
						<line number="50" hits="1"/>
						<line number="51" hits="1"/>
						<line number="52" hits="1"/>
						<line number="53" hits="1"/>
						<line number="54" hits="1"/>
						<line number="56" hits="1"/>
						<line number="58" hits="1"/>
						<line number="60" hits="1"/>
						<line number="62" hits="1"/>
						<line number="64" hits="1"/>
						<line number="65" hits="1"/>
						<line number="67" hits="1"/>
						<line number="69" hits="1"/>
						<line number="71" hits="1"/>
						<line number="73" hits="1"/>
						<line number="76" hits="1"/>
						<line number="78" hits="1"/>
						<line number="83" hits="1"/>
						<line number="84" hits="1"/>
						<line number="85" hits="1"/>
						<line number="87" hits="1"/>
						<line number="91" hits="1" branch="true" condition-coverage="100% (2/2)"/>
						<line number="92" hits="1"/>
						<line number="93" hits="1"/>
						<line number="95" hits="1" branch="true" condition-coverage="50% (1/2)" missing-branches="96"/>
						<line number="96" hits="0"/>
						<line number="98" hits="1"/>
						<line number="99" hits="1"/>
						<line number="100" hits="1"/>
						<line number="102" hits="1"/>
						<line number="104" hits="1"/>
						<line number="105" hits="1"/>
						<line number="107" hits="1"/>
						<line number="108" hits="1"/>
						<line number="109" hits="1"/>
						<line number="110" hits="1"/>
						<line number="112" hits="1"/>
						<line number="113" hits="1"/>
						<line number="114" hits="1"/>
						<line number="115" hits="1"/>
						<line number="116" hits="1" branch="true" condition-coverage="50% (1/2)" missing-branches="117"/>
						<line number="117" hits="1"/>
						<line number="118" hits="1"/>
						<line number="119" hits="1"/>
						<line number="120" hits="1"/>
						<line number="121" hits="1"/>
						<line number="122" hits="1" branch="true" condition-coverage="0% (0/2)" missing-branches="123,125"/>
						<line number="123" hits="1"/>
						<line number="125" hits="1"/>
						<line number="126" hits="1"/>
						<line number="127" hits="1" branch="true" condition-coverage="0% (0/2)" missing-branches="128,131"/>
						<line number="128" hits="1"/>
						<line number="131" hits="1"/>
						<line number="133" hits="1"/>
						<line number="134" hits="1"/>
						<line number="135" hits="1" branch="true" condition-coverage="50% (1/2)" missing-branches="exit"/>
						<line number="136" hits="1"/>
						<line number="137" hits="1"/>
						<line number="139" hits="1"/>
						<line number="144" hits="1"/>
						<line number="147" hits="1"/>
						<line number="148" hits="1" branch="true" condition-coverage="0% (0/2)" missing-branches="150,151"/>
						<line number="150" hits="1"/>
						<line number="151" hits="1"/>
						<line number="152" hits="1" branch="true" condition-coverage="0% (0/2)" missing-branches="153,154"/>
						<line number="153" hits="1"/>
						<line number="154" hits="1"/>
						<line number="155" hits="1"/>
						<line number="156" hits="1" branch="true" condition-coverage="0% (0/2)" missing-branches="157,165"/>
						<line number="157" hits="1" branch="true" condition-coverage="50% (1/2)" missing-branches="165"/>
						<line number="158" hits="1"/>
						<line number="159" hits="1" branch="true" condition-coverage="0% (0/2)" missing-branches="160,162"/>
						<line number="160" hits="1"/>
						<line number="162" hits="1"/>
						<line number="163" hits="1"/>
						<line number="164" hits="1"/>
						<line number="165" hits="1" branch="true" condition-coverage="0% (0/2)" missing-branches="167,170"/>
						<line number="167" hits="1"/>
						<line number="168" hits="1"/>
						<line number="169" hits="1"/>
						<line number="170" hits="1" branch="true" condition-coverage="0% (0/2)" missing-branches="172,174"/>
						<line number="172" hits="1"/>
						<line number="174" hits="1"/>
						<line number="176" hits="1" branch="true" condition-coverage="0% (0/2)" missing-branches="177,180"/>
						<line number="177" hits="1"/>
						<line number="180" hits="1"/>
						<line number="181" hits="1"/>
						<line number="182" hits="1"/>
						<line number="183" hits="1"/>
						<line number="184" hits="1" branch="true" condition-coverage="100% (2/2)"/>
						<line number="185" hits="1"/>
						<line number="186" hits="1"/>
						<line number="187" hits="1" branch="true" condition-coverage="50% (1/2)" missing-branches="188"/>
						<line number="188" hits="1"/>
						<line number="189" hits="1"/>
						<line number="191" hits="1"/>
						<line number="192" hits="1"/>
						<line number="195" hits="1" branch="true" condition-coverage="100% (2/2)"/>
						<line number="196" hits="1"/>
						<line number="197" hits="1"/>
						<line number="198" hits="1" branch="true" condition-coverage="50% (1/2)" missing-branches="200"/>
						<line number="199" hits="1"/>
						<line number="200" hits="1"/>
						<line number="203" hits="1"/>
						<line number="205" hits="1"/>
						<line number="206" hits="1"/>
						<line number="207" hits="1" branch="true" condition-coverage="50% (1/2)" missing-branches="exit"/>
						<line number="208" hits="1" branch="true" condition-coverage="100% (2/2)"/>
						<line number="209" hits="1"/>
						<line number="211" hits="1"/>
						<line number="213" hits="1"/>
						<line number="214" hits="1"/>
						<line number="215" hits="1" branch="true" condition-coverage="50% (1/2)" missing-branches="exit"/>
						<line number="216" hits="1" branch="true" condition-coverage="50% (1/2)" missing-branches="215"/>
						<line number="217" hits="1" branch="true" condition-coverage="50% (1/2)" missing-branches="219"/>
						<line number="218" hits="1"/>
						<line number="219" hits="1" branch="true" condition-coverage="50% (1/2)" missing-branches="216"/>
						<line number="220" hits="1"/>
						<line number="223" hits="1"/>
						<line number="224" hits="1"/>
						<line number="226" hits="1"/>
						<line number="227" hits="1"/>
						<line number="228" hits="1" branch="true" condition-coverage="50% (1/2)" missing-branches="exit"/>
						<line number="229" hits="1"/>
						<line number="230" hits="1" branch="true" condition-coverage="100% (2/2)"/>
						<line number="231" hits="1" branch="true" condition-coverage="100% (2/2)"/>
						<line number="232" hits="1"/>
						<line number="234" hits="1"/>
						<line number="235" hits="1"/>
						<line number="236" hits="1"/>
						<line number="238" hits="1" branch="true" condition-coverage="100% (2/2)"/>
						<line number="240" hits="1"/>
						<line number="243" hits="1"/>
						<line number="245" hits="1"/>
						<line number="247" hits="1"/>
						<line number="250" hits="1"/>
						<line number="251" hits="1"/>
						<line number="252" hits="1" branch="true" condition-coverage="50% (1/2)" missing-branches="exit"/>
						<line number="253" hits="1"/>
						<line number="254" hits="1"/>
						<line number="255" hits="1"/>
						<line number="259" hits="1"/>
						<line number="260" hits="1"/>
						<line number="262" hits="1" branch="true" condition-coverage="100% (2/2)"/>
						<line number="263" hits="1"/>
						<line number="264" hits="1"/>
						<line number="265" hits="1"/>
						<line number="266" hits="1" branch="true" condition-coverage="100% (2/2)"/>
						<line number="267" hits="1"/>
						<line number="268" hits="1"/>
						<line number="269" hits="1"/>
						<line number="270" hits="1"/>
						<line number="271" hits="1"/>
						<line number="273" hits="1"/>
						<line number="274" hits="1"/>
						<line number="275" hits="1" branch="true" condition-coverage="100% (2/2)"/>
						<line number="276" hits="1"/>
						<line number="277" hits="1"/>
						<line number="278" hits="1"/>
						<line number="279" hits="1"/>
						<line number="280" hits="1"/>
						<line number="281" hits="1" branch="true" condition-coverage="100% (2/2)"/>
						<line number="282" hits="1"/>
						<line number="283" hits="1"/>
						<line number="284" hits="1"/>
						<line number="286" hits="1"/>
						<line number="287" hits="1"/>
						<line number="288" hits="1"/>
						<line number="289" hits="1"/>
						<line number="290" hits="1"/>
						<line number="291" hits="1"/>
						<line number="292" hits="1"/>
						<line number="294" hits="1" branch="true" condition-coverage="0% (0/2)" missing-branches="295,297"/>
						<line number="295" hits="1"/>
						<line number="297" hits="1"/>
						<line number="299" hits="1"/>
						<line number="300" hits="1"/>
						<line number="301" hits="1" branch="true" condition-coverage="50% (1/2)" missing-branches="exit"/>
						<line number="303" hits="1"/>
						<line number="304" hits="1"/>
						<line number="305" hits="1" branch="true" condition-coverage="100% (2/2)"/>
						<line number="306" hits="1"/>
						<line number="308" hits="1"/>
						<line number="310" hits="1"/>
						<line number="311" hits="1" branch="true" condition-coverage="100% (2/2)"/>
						<line number="312" hits="1"/>
						<line number="313" hits="1"/>
						<line number="314" hits="1"/>
						<line number="316" hits="1" branch="true" condition-coverage="100% (2/2)"/>
						<line number="317" hits="1"/>
						<line number="320" hits="1"/>
						<line number="321" hits="1" branch="true" condition-coverage="50% (1/2)" missing-branches="323"/>
						<line number="322" hits="1"/>
						<line number="323" hits="1"/>
						<line number="324" hits="1" branch="true" condition-coverage="100% (2/2)"/>
						<line number="325" hits="1"/>
						<line number="326" hits="1"/>
						<line number="327" hits="1"/>
						<line number="329" hits="1" branch="true" condition-coverage="100% (2/2)"/>
						<line number="330" hits="1"/>
						<line number="331" hits="1"/>
						<line number="333" hits="1"/>
						<line number="335" hits="1"/>
						<line number="336" hits="1"/>
						<line number="339" hits="1"/>
						<line number="340" hits="1"/>
						<line number="341" hits="1"/>
						<line number="343" hits="1" branch="true" condition-coverage="50% (1/2)" missing-branches="345"/>
						<line number="344" hits="1"/>
						<line number="345" hits="1" branch="true" condition-coverage="50% (1/2)" missing-branches="343"/>
						<line number="346" hits="1"/>
						<line number="347" hits="1"/>
						<line number="350" hits="1"/>
						<line number="351" hits="1"/>
						<line number="353" hits="1" branch="true" condition-coverage="50% (1/2)" missing-branches="exit"/>
						<line number="354" hits="1"/>
						<line number="355" hits="1"/>
						<line number="356" hits="1"/>
						<line number="358" hits="1"/>
						<line number="359" hits="1" branch="true" condition-coverage="50% (1/2)" missing-branches="362"/>
						<line number="360" hits="1"/>
						<line number="362" hits="1" branch="true" condition-coverage="50% (1/2)" missing-branches="365"/>
						<line number="363" hits="1"/>
						<line number="365" hits="1"/>
						<line number="367" hits="1" branch="true" condition-coverage="50% (1/2)" missing-branches="368"/>
						<line number="368" hits="0"/>
						<line number="370" hits="1"/>
						<line number="372" hits="1" branch="true" condition-coverage="100% (2/2)"/>
						<line number="373" hits="1"/>
						<line number="375" hits="1"/>
						<line number="377" hits="1"/>
						<line number="378" hits="1"/>
						<line number="380" hits="1"/>
						<line number="382" hits="1"/>
						<line number="384" hits="1"/>
						<line number="385" hits="1"/>
						<line number="388" hits="1"/>
						<line number="389" hits="1"/>
						<line number="390" hits="1" branch="true" condition-coverage="50% (1/2)" missing-branches="exit"/>
						<line number="391" hits="1"/>
						<line number="392" hits="1" branch="true" condition-coverage="50% (1/2)" missing-branches="394"/>
						<line number="393" hits="1"/>
						<line number="394" hits="1" branch="true" condition-coverage="50% (1/2)" missing-branches="390"/>
						<line number="395" hits="1" branch="true" condition-coverage="50% (1/2)" missing-branches="390"/>
						<line number="396" hits="1"/>
						<line number="397" hits="1"/>
						<line number="398" hits="1"/>
						<line number="401" hits="1"/>
						<line number="402" hits="1"/>
						<line number="403" hits="1" branch="true" condition-coverage="50% (1/2)" missing-branches="406"/>
						<line number="404" hits="1"/>
						<line number="406" hits="1"/>
						<line number="408" hits="1"/>
						<line number="409" hits="1"/>
						<line number="412" hits="1"/>
						<line number="413" hits="1"/>
						<line number="414" hits="1" branch="true" condition-coverage="0% (0/2)" missing-branches="exit,415"/>
						<line number="415" hits="1" branch="true" condition-coverage="0% (0/2)" missing-branches="414,416"/>
						<line number="416" hits="1"/>
						<line number="418" hits="1"/>
						<line number="419" hits="1"/>
						<line number="420" hits="1" branch="true" condition-coverage="0% (0/2)" missing-branches="exit,421"/>
						<line number="421" hits="1"/>
						<line number="423" hits="1"/>
						<line number="424" hits="1"/>
						<line number="425" hits="1"/>
						<line number="426" hits="1"/>
						<line number="427" hits="1"/>
						<line number="428" hits="1"/>
						<line number="429" hits="1"/>
						<line number="430" hits="1"/>
						<line number="431" hits="1"/>
						<line number="432" hits="1"/>
					</lines>
				</class>
				<class name="voxelizer.py" filename="voxelizer.py" complexity="0" line-rate="0.7857" branch-rate="0.3667">
					<methods/>
					<lines>
						<line number="1" hits="1"/>
						<line number="2" hits="1"/>
						<line number="5" hits="1"/>
						<line number="6" hits="1"/>
						<line number="7" hits="1"/>
						<line number="10" hits="1"/>
						<line number="11" hits="1"/>
						<line number="12" hits="1"/>
						<line number="15" hits="1" branch="true" condition-coverage="100% (2/2)"/>
						<line number="16" hits="1"/>
						<line number="17" hits="1"/>
						<line number="18" hits="1"/>
						<line number="19" hits="1"/>
						<line number="20" hits="1"/>
						<line number="21" hits="1"/>
						<line number="22" hits="1"/>
						<line number="23" hits="1"/>
						<line number="24" hits="1"/>
						<line number="25" hits="1"/>
						<line number="27" hits="1"/>
						<line number="28" hits="1"/>
						<line number="29" hits="1" branch="true" condition-coverage="50% (1/2)" missing-branches="exit"/>
						<line number="30" hits="1"/>
						<line number="32" hits="1"/>
						<line number="33" hits="1"/>
						<line number="35" hits="1" branch="true" condition-coverage="50% (1/2)" missing-branches="exit"/>
						<line number="36" hits="1"/>
						<line number="37" hits="1" branch="true" condition-coverage="100% (2/2)"/>
						<line number="38" hits="1"/>
						<line number="40" hits="1"/>
						<line number="42" hits="1"/>
						<line number="43" hits="1"/>
						<line number="44" hits="1"/>
						<line number="45" hits="1"/>
						<line number="47" hits="1"/>
						<line number="48" hits="1"/>
						<line number="49" hits="1" branch="true" condition-coverage="50% (1/2)" missing-branches="50"/>
						<line number="50" hits="1"/>
						<line number="51" hits="1"/>
						<line number="53" hits="1"/>
						<line number="54" hits="1"/>
						<line number="56" hits="1"/>
						<line number="57" hits="1"/>
						<line number="59" hits="1"/>
						<line number="60" hits="1"/>
						<line number="62" hits="1"/>
						<line number="63" hits="1"/>
						<line number="65" hits="1"/>
						<line number="67" hits="1" branch="true" condition-coverage="0% (0/2)" missing-branches="68,70"/>
						<line number="68" hits="0"/>
						<line number="70" hits="1"/>
						<line number="71" hits="1"/>
						<line number="72" hits="1"/>
						<line number="74" hits="1" branch="true" condition-coverage="50% (1/2)" missing-branches="75"/>
						<line number="75" hits="1" branch="true" condition-coverage="0% (0/2)" missing-branches="74,76"/>
						<line number="76" hits="1"/>
						<line number="77" hits="1" branch="true" condition-coverage="0% (0/2)" missing-branches="75,78"/>
						<line number="78" hits="1"/>
						<line number="79" hits="1"/>
						<line number="82" hits="1"/>
						<line number="83" hits="1"/>
						<line number="84" hits="1" branch="true" condition-coverage="0% (0/2)" missing-branches="85,87"/>
						<line number="85" hits="1"/>
						<line number="87" hits="1"/>
						<line number="88" hits="1"/>
						<line number="91" hits="1"/>
						<line number="92" hits="1"/>
						<line number="93" hits="1"/>
						<line number="94" hits="1"/>
						<line number="95" hits="1" branch="true" condition-coverage="50% (1/2)" missing-branches="96"/>
						<line number="96" hits="0"/>
						<line number="97" hits="1" branch="true" condition-coverage="50% (1/2)" missing-branches="100"/>
						<line number="98" hits="1"/>
						<line number="100" hits="0"/>
						<line number="101" hits="1"/>
						<line number="102" hits="1"/>
						<line number="104" hits="1"/>
						<line number="105" hits="1"/>
						<line number="106" hits="1"/>
						<line number="109" hits="1" branch="true" condition-coverage="50% (1/2)" missing-branches="110"/>
						<line number="110" hits="0"/>
						<line number="111" hits="0"/>
						<line number="114" hits="0"/>
						<line number="115" hits="0"/>
						<line number="116" hits="0"/>
						<line number="117" hits="0" branch="true" condition-coverage="0% (0/2)" missing-branches="118,119"/>
						<line number="118" hits="0"/>
						<line number="119" hits="0"/>
						<line number="120" hits="0"/>
						<line number="121" hits="0"/>
						<line number="123" hits="0"/>
						<line number="125" hits="0"/>
						<line number="127" hits="0"/>
						<line number="128" hits="0"/>
						<line number="129" hits="0"/>
						<line number="130" hits="0" branch="true" condition-coverage="0% (0/2)" missing-branches="exit,131"/>
						<line number="131" hits="0"/>
						<line number="132" hits="0"/>
					</lines>
				</class>
			</classes>
		</package>
	</packages>
</coverage>
